[ 33%]: cache compiling.release imGui_GL\imGui\imgui_impl_dx9.cpp
[ 58%]: cache compiling.release imGui_GL\GUI.cpp
[ 58%]: cache compiling.release imGui_GL\main.cpp
error: GUI.cpp
imGui_GL\GUI.cpp(1): warning C4819: 该文件包含不能在当前代码页(936)中表示的字符。请将该文件保存为 Unicode 格式以防止数据丢失
F:\Ipad\Study_note\Study_note\imGui_GL\imgui/PingFang_Bold.h(1): warning C4819: 该文件包含不能在当前代码页(936)中表示的字符。请将该文件保存为 Unicode 格式以防止数据丢失
imGui_GL\GUI.cpp(38): error C2440: “=”: 无法从“const wchar_t [2]”转换为“LPCSTR”
imGui_GL\GUI.cpp(38): note: 指向的类型不相关; 转换需要 reinterpret_cast、C 样式强制转换或带圆括号的函数样式强制转换
imGui_GL\GUI.cpp(39): error C2440: “=”: 无法从“const wchar_t [2]”转换为“LPCSTR”
imGui_GL\GUI.cpp(39): note: 指向的类型不相关; 转换需要 reinterpret_cast、C 样式强制转换或带圆括号的函数样式强制转换
imGui_GL\GUI.cpp(47): error C3688: 文本后缀“鎻愮ず锛”无效；未找到文文本运算符或文本运算符模板“operator """"鎻愮ず锛”
imGui_GL\GUI.cpp(47): error C2660: “MessageBoxA”: 函数不接受 2 个参数
D:\Windows Kits\10\\include\10.0.22621.0\\um\winuser.h(9168): note: 参见“MessageBoxA”的声明
imGui_GL\GUI.cpp(47): note: 尝试匹配参数列表“(int, int)”时
imGui_GL\GUI.cpp(54): error C2664: “HWND CreateWindowExA(DWORD,LPCSTR,LPCSTR,DWORD,int,int,int,int,HWND,HMENU,HINSTANCE,LPVOID)”: 无法将参数 2 从“const wchar_t [2]”转换为“LPCSTR”
imGui_GL\GUI.cpp(54): note: 指向的类型不相关; 转换需要 reinterpret_cast、C 样式强制转换或带圆括号的函数样式强制转换
D:\Windows Kits\10\\include\10.0.22621.0\\um\winuser.h(4417): note: 参见“CreateWindowExA”的声明
imGui_GL\GUI.cpp(54): note: 尝试匹配参数列表“(long, const wchar_t [2], const wchar_t [2], unsigned long, int, int, int, int, int, int, int, int)”时
imGui_GL\GUI.cpp(60): error C2664: “int MessageBoxA(HWND,LPCSTR,LPCSTR,UINT)”: 无法将参数 2 从“const wchar_t [14]”转换为“LPCSTR”
imGui_GL\GUI.cpp(60): note: 指向的类型不相关; 转换需要 reinterpret_cast、C 样式强制转换或带圆括号的函数样式强制转换
D:\Windows Kits\10\\include\10.0.22621.0\\um\winuser.h(9168): note: 参见“MessageBoxA”的声明
imGui_GL\GUI.cpp(60): note: 尝试匹配参数列表“(int, const wchar_t [14], const wchar_t [6], long)”时

  > in imGui_GL\GUI.cpp
